[debug] [2025-06-01T19:29:35.353Z] ----------------------------------------------------------------------
[debug] [2025-06-01T19:29:35.356Z] Command:       C:\Program Files\nodejs\node.exe C:\Users\victo\AppData\Roaming\npm\node_modules\firebase-tools\lib\bin\firebase.js deploy --only functions
[debug] [2025-06-01T19:29:35.356Z] CLI Version:   14.5.1
[debug] [2025-06-01T19:29:35.356Z] Platform:      win32
[debug] [2025-06-01T19:29:35.356Z] Node Version:  v20.10.0
[debug] [2025-06-01T19:29:35.356Z] Time:          Sun Jun 01 2025 15:29:35 GMT-0400 (Eastern Daylight Saving Time)
[debug] [2025-06-01T19:29:35.356Z] ----------------------------------------------------------------------
[debug] 
[debug] [2025-06-01T19:29:35.528Z] > command requires scopes: ["email","openid","https://www.googleapis.com/auth/cloudplatformprojects.readonly","https://www.googleapis.com/auth/firebase","https://www.googleapis.com/auth/cloud-platform"]
[debug] [2025-06-01T19:29:35.529Z] > authorizing via signed-in user (victor.frangov@gmail.com)
[debug] [2025-06-01T19:29:35.529Z] [iam] checking project supervitre-3a19e for permissions ["cloudfunctions.functions.create","cloudfunctions.functions.delete","cloudfunctions.functions.get","cloudfunctions.functions.list","cloudfunctions.functions.update","cloudfunctions.operations.get","firebase.projects.get"]
[debug] [2025-06-01T19:29:35.530Z] Checked if tokens are valid: true, expires at: 1748809419630
[debug] [2025-06-01T19:29:35.530Z] Checked if tokens are valid: true, expires at: 1748809419630
[debug] [2025-06-01T19:29:35.531Z] >>> [apiv2][query] POST https://cloudresourcemanager.googleapis.com/v1/projects/supervitre-3a19e:testIamPermissions [none]
[debug] [2025-06-01T19:29:35.531Z] >>> [apiv2][(partial)header] POST https://cloudresourcemanager.googleapis.com/v1/projects/supervitre-3a19e:testIamPermissions x-goog-quota-user=projects/supervitre-3a19e
[debug] [2025-06-01T19:29:35.532Z] >>> [apiv2][body] POST https://cloudresourcemanager.googleapis.com/v1/projects/supervitre-3a19e:testIamPermissions {"permissions":["cloudfunctions.functions.create","cloudfunctions.functions.delete","cloudfunctions.functions.get","cloudfunctions.functions.list","cloudfunctions.functions.update","cloudfunctions.operations.get","firebase.projects.get"]}
[debug] [2025-06-01T19:29:35.861Z] <<< [apiv2][status] POST https://cloudresourcemanager.googleapis.com/v1/projects/supervitre-3a19e:testIamPermissions 200
[debug] [2025-06-01T19:29:35.861Z] <<< [apiv2][body] POST https://cloudresourcemanager.googleapis.com/v1/projects/supervitre-3a19e:testIamPermissions {"permissions":["cloudfunctions.functions.create","cloudfunctions.functions.delete","cloudfunctions.functions.get","cloudfunctions.functions.list","cloudfunctions.functions.update","cloudfunctions.operations.get","firebase.projects.get"]}
[debug] [2025-06-01T19:29:35.861Z] Checked if tokens are valid: true, expires at: 1748809419630
[debug] [2025-06-01T19:29:35.861Z] Checked if tokens are valid: true, expires at: 1748809419630
[debug] [2025-06-01T19:29:35.861Z] >>> [apiv2][query] POST https://iam.googleapis.com/v1/projects/supervitre-3a19e/serviceAccounts/supervitre-3a19e@appspot.gserviceaccount.com:testIamPermissions [none]
[debug] [2025-06-01T19:29:35.861Z] >>> [apiv2][body] POST https://iam.googleapis.com/v1/projects/supervitre-3a19e/serviceAccounts/supervitre-3a19e@appspot.gserviceaccount.com:testIamPermissions {"permissions":["iam.serviceAccounts.actAs"]}
[debug] [2025-06-01T19:29:36.242Z] <<< [apiv2][status] POST https://iam.googleapis.com/v1/projects/supervitre-3a19e/serviceAccounts/supervitre-3a19e@appspot.gserviceaccount.com:testIamPermissions 404
[debug] [2025-06-01T19:29:36.243Z] <<< [apiv2][body] POST https://iam.googleapis.com/v1/projects/supervitre-3a19e/serviceAccounts/supervitre-3a19e@appspot.gserviceaccount.com:testIamPermissions {"error":{"code":404,"message":"Unknown service account","status":"NOT_FOUND"}}
[debug] [2025-06-01T19:29:36.243Z] [functions] service account IAM check errored, deploy may fail: Request to https://iam.googleapis.com/v1/projects/supervitre-3a19e/serviceAccounts/supervitre-3a19e@appspot.gserviceaccount.com:testIamPermissions had HTTP Error: 404, Unknown service account {"name":"FirebaseError","children":[],"context":{"body":{"error":{"code":404,"message":"Unknown service account","status":"NOT_FOUND"}},"response":{"statusCode":404}},"exit":1,"message":"Request to https://iam.googleapis.com/v1/projects/supervitre-3a19e/serviceAccounts/supervitre-3a19e@appspot.gserviceaccount.com:testIamPermissions had HTTP Error: 404, Unknown service account","status":404}
[info] 
[info] === Deploying to 'supervitre-3a19e'...
[info] 
[info] i  deploying functions 
[info] Running command: npm --prefix "$RESOURCE_DIR" run lint
[info] +  functions: Finished running predeploy script. 
[debug] [2025-06-01T19:29:37.835Z] Checked if tokens are valid: true, expires at: 1748809419630
[debug] [2025-06-01T19:29:37.836Z] Checked if tokens are valid: true, expires at: 1748809419630
[debug] [2025-06-01T19:29:37.836Z] >>> [apiv2][query] GET https://serviceusage.googleapis.com/v1/projects/supervitre-3a19e/services/cloudresourcemanager.googleapis.com [none]
[debug] [2025-06-01T19:29:37.836Z] >>> [apiv2][(partial)header] GET https://serviceusage.googleapis.com/v1/projects/supervitre-3a19e/services/cloudresourcemanager.googleapis.com x-goog-quota-user=projects/supervitre-3a19e
[debug] [2025-06-01T19:29:38.416Z] <<< [apiv2][status] GET https://serviceusage.googleapis.com/v1/projects/supervitre-3a19e/services/cloudresourcemanager.googleapis.com 200
[debug] [2025-06-01T19:29:38.416Z] <<< [apiv2][body] GET https://serviceusage.googleapis.com/v1/projects/supervitre-3a19e/services/cloudresourcemanager.googleapis.com [omitted]
[debug] [2025-06-01T19:29:38.416Z] Checked if tokens are valid: true, expires at: 1748809419630
[debug] [2025-06-01T19:29:38.416Z] Checked if tokens are valid: true, expires at: 1748809419630
[debug] [2025-06-01T19:29:38.417Z] >>> [apiv2][query] GET https://cloudresourcemanager.googleapis.com/v1/projects/supervitre-3a19e [none]
[debug] [2025-06-01T19:29:38.525Z] <<< [apiv2][status] GET https://cloudresourcemanager.googleapis.com/v1/projects/supervitre-3a19e 200
[debug] [2025-06-01T19:29:38.525Z] <<< [apiv2][body] GET https://cloudresourcemanager.googleapis.com/v1/projects/supervitre-3a19e {"projectNumber":"67184412597","projectId":"supervitre-3a19e","lifecycleState":"ACTIVE","name":"SuperVitre","labels":{"firebase":"enabled","firebase-core":"disabled"},"createTime":"2025-05-07T18:36:08.043590Z"}
[info] i  functions: preparing codebase default for deployment 
[info] i  functions: ensuring required API cloudfunctions.googleapis.com is enabled... 
[debug] [2025-06-01T19:29:38.527Z] Checked if tokens are valid: true, expires at: 1748809419630
[debug] [2025-06-01T19:29:38.527Z] Checked if tokens are valid: true, expires at: 1748809419630
[debug] [2025-06-01T19:29:38.527Z] Checked if tokens are valid: true, expires at: 1748809419630
[debug] [2025-06-01T19:29:38.527Z] Checked if tokens are valid: true, expires at: 1748809419630
[info] i  functions: ensuring required API cloudbuild.googleapis.com is enabled... 
[debug] [2025-06-01T19:29:38.528Z] Checked if tokens are valid: true, expires at: 1748809419630
[debug] [2025-06-01T19:29:38.528Z] Checked if tokens are valid: true, expires at: 1748809419630
[info] i  artifactregistry: ensuring required API artifactregistry.googleapis.com is enabled... 
[debug] [2025-06-01T19:29:38.528Z] Checked if tokens are valid: true, expires at: 1748809419630
[debug] [2025-06-01T19:29:38.528Z] Checked if tokens are valid: true, expires at: 1748809419630
[debug] [2025-06-01T19:29:38.528Z] >>> [apiv2][query] GET https://serviceusage.googleapis.com/v1/projects/supervitre-3a19e/services/cloudfunctions.googleapis.com [none]
[debug] [2025-06-01T19:29:38.528Z] >>> [apiv2][(partial)header] GET https://serviceusage.googleapis.com/v1/projects/supervitre-3a19e/services/cloudfunctions.googleapis.com x-goog-quota-user=projects/supervitre-3a19e
[debug] [2025-06-01T19:29:38.529Z] >>> [apiv2][query] GET https://serviceusage.googleapis.com/v1/projects/supervitre-3a19e/services/runtimeconfig.googleapis.com [none]
[debug] [2025-06-01T19:29:38.529Z] >>> [apiv2][(partial)header] GET https://serviceusage.googleapis.com/v1/projects/supervitre-3a19e/services/runtimeconfig.googleapis.com x-goog-quota-user=projects/supervitre-3a19e
[debug] [2025-06-01T19:29:38.531Z] >>> [apiv2][query] GET https://serviceusage.googleapis.com/v1/projects/supervitre-3a19e/services/cloudbuild.googleapis.com [none]
[debug] [2025-06-01T19:29:38.532Z] >>> [apiv2][(partial)header] GET https://serviceusage.googleapis.com/v1/projects/supervitre-3a19e/services/cloudbuild.googleapis.com x-goog-quota-user=projects/supervitre-3a19e
[debug] [2025-06-01T19:29:38.533Z] >>> [apiv2][query] GET https://serviceusage.googleapis.com/v1/projects/supervitre-3a19e/services/artifactregistry.googleapis.com [none]
[debug] [2025-06-01T19:29:38.533Z] >>> [apiv2][(partial)header] GET https://serviceusage.googleapis.com/v1/projects/supervitre-3a19e/services/artifactregistry.googleapis.com x-goog-quota-user=projects/supervitre-3a19e
[debug] [2025-06-01T19:29:38.906Z] <<< [apiv2][status] GET https://serviceusage.googleapis.com/v1/projects/supervitre-3a19e/services/cloudfunctions.googleapis.com 200
[debug] [2025-06-01T19:29:38.906Z] <<< [apiv2][body] GET https://serviceusage.googleapis.com/v1/projects/supervitre-3a19e/services/cloudfunctions.googleapis.com [omitted]
[info] +  functions: required API cloudfunctions.googleapis.com is enabled 
[debug] [2025-06-01T19:29:38.952Z] <<< [apiv2][status] GET https://serviceusage.googleapis.com/v1/projects/supervitre-3a19e/services/runtimeconfig.googleapis.com 200
[debug] [2025-06-01T19:29:38.952Z] <<< [apiv2][body] GET https://serviceusage.googleapis.com/v1/projects/supervitre-3a19e/services/runtimeconfig.googleapis.com [omitted]
[debug] [2025-06-01T19:29:38.966Z] <<< [apiv2][status] GET https://serviceusage.googleapis.com/v1/projects/supervitre-3a19e/services/artifactregistry.googleapis.com 200
[debug] [2025-06-01T19:29:38.967Z] <<< [apiv2][body] GET https://serviceusage.googleapis.com/v1/projects/supervitre-3a19e/services/artifactregistry.googleapis.com [omitted]
[info] +  artifactregistry: required API artifactregistry.googleapis.com is enabled 
[debug] [2025-06-01T19:29:38.980Z] <<< [apiv2][status] GET https://serviceusage.googleapis.com/v1/projects/supervitre-3a19e/services/cloudbuild.googleapis.com 200
[debug] [2025-06-01T19:29:38.980Z] <<< [apiv2][body] GET https://serviceusage.googleapis.com/v1/projects/supervitre-3a19e/services/cloudbuild.googleapis.com [omitted]
[info] +  functions: required API cloudbuild.googleapis.com is enabled 
[debug] [2025-06-01T19:29:38.980Z] Checked if tokens are valid: true, expires at: 1748809419630
[debug] [2025-06-01T19:29:38.980Z] Checked if tokens are valid: true, expires at: 1748809419630
[debug] [2025-06-01T19:29:38.980Z] >>> [apiv2][query] GET https://firebase.googleapis.com/v1beta1/projects/supervitre-3a19e/adminSdkConfig [none]
[debug] [2025-06-01T19:29:39.460Z] <<< [apiv2][status] GET https://firebase.googleapis.com/v1beta1/projects/supervitre-3a19e/adminSdkConfig 200
[debug] [2025-06-01T19:29:39.460Z] <<< [apiv2][body] GET https://firebase.googleapis.com/v1beta1/projects/supervitre-3a19e/adminSdkConfig {"projectId":"supervitre-3a19e","storageBucket":"supervitre-3a19e.firebasestorage.app"}
[debug] [2025-06-01T19:29:39.460Z] Checked if tokens are valid: true, expires at: 1748809419630
[debug] [2025-06-01T19:29:39.460Z] Checked if tokens are valid: true, expires at: 1748809419630
[debug] [2025-06-01T19:29:39.461Z] >>> [apiv2][query] GET https://runtimeconfig.googleapis.com/v1beta1/projects/supervitre-3a19e/configs [none]
[debug] [2025-06-01T19:29:39.686Z] <<< [apiv2][status] GET https://runtimeconfig.googleapis.com/v1beta1/projects/supervitre-3a19e/configs 200
[debug] [2025-06-01T19:29:39.687Z] <<< [apiv2][body] GET https://runtimeconfig.googleapis.com/v1beta1/projects/supervitre-3a19e/configs {"configs":[{"name":"projects/supervitre-3a19e/configs/resend"}]}
[debug] [2025-06-01T19:29:39.687Z] Checked if tokens are valid: true, expires at: 1748809419630
[debug] [2025-06-01T19:29:39.687Z] Checked if tokens are valid: true, expires at: 1748809419630
[debug] [2025-06-01T19:29:39.687Z] >>> [apiv2][query] GET https://runtimeconfig.googleapis.com/v1beta1/projects/supervitre-3a19e/configs/resend/variables [none]
[debug] [2025-06-01T19:29:39.794Z] <<< [apiv2][status] GET https://runtimeconfig.googleapis.com/v1beta1/projects/supervitre-3a19e/configs/resend/variables 200
[debug] [2025-06-01T19:29:39.794Z] <<< [apiv2][body] GET https://runtimeconfig.googleapis.com/v1beta1/projects/supervitre-3a19e/configs/resend/variables {"variables":[{"name":"projects/supervitre-3a19e/configs/resend/variables/apikey","updateTime":"2025-06-01T18:48:23.337951808Z"}]}
[debug] [2025-06-01T19:29:39.794Z] Checked if tokens are valid: true, expires at: 1748809419630
[debug] [2025-06-01T19:29:39.795Z] Checked if tokens are valid: true, expires at: 1748809419630
[debug] [2025-06-01T19:29:39.795Z] >>> [apiv2][query] GET https://runtimeconfig.googleapis.com/v1beta1/projects/supervitre-3a19e/configs/resend/variables/apikey [none]
[debug] [2025-06-01T19:29:39.910Z] <<< [apiv2][status] GET https://runtimeconfig.googleapis.com/v1beta1/projects/supervitre-3a19e/configs/resend/variables/apikey 200
[debug] [2025-06-01T19:29:39.910Z] <<< [apiv2][body] GET https://runtimeconfig.googleapis.com/v1beta1/projects/supervitre-3a19e/configs/resend/variables/apikey {"name":"projects/supervitre-3a19e/configs/resend/variables/apikey","updateTime":"2025-06-01T18:48:23.337951808Z","text":"re_Qbsw56dK_HbcmSqwJLQPkb4wPvCTkSNfR"}
[debug] [2025-06-01T19:29:39.912Z] Validating nodejs source
[debug] [2025-06-01T19:29:41.124Z] > [functions] package.json contents: {
  "name": "functions",
  "description": "Cloud Functions for Firebase",
  "scripts": {
    "lint": "eslint .",
    "serve": "firebase emulators:start --only functions",
    "shell": "firebase functions:shell",
    "start": "npm run shell",
    "deploy": "firebase deploy --only functions",
    "logs": "firebase functions:log"
  },
  "engines": {
    "node": "22"
  },
  "main": "index.js",
  "dependencies": {
    "firebase-admin": "^12.6.0",
    "firebase-functions": "^6.0.1",
    "resend": "^4.5.1"
  },
  "devDependencies": {
    "eslint": "^8.15.0",
    "eslint-config-google": "^0.14.0",
    "firebase-functions-test": "^3.1.0"
  },
  "private": true
}
[debug] [2025-06-01T19:29:41.124Z] Building nodejs source
[info] i  functions: Loading and analyzing source code for codebase default to determine what to deploy 
[debug] [2025-06-01T19:29:41.125Z] Could not find functions.yaml. Must use http discovery
[debug] [2025-06-01T19:29:41.139Z] Found firebase-functions binary at 'C:\dev\VSCODE-GIT\WEBDEV\superVitre\functions\node_modules\.bin\firebase-functions'
[info] Serving at port 8636

[debug] [2025-06-01T19:29:41.707Z] Got response from /__/functions.yaml {"endpoints":{"sendReservationConfirmationEmail":{"availableMemoryMb":null,"timeoutSeconds":null,"minInstances":null,"maxInstances":null,"ingressSettings":null,"concurrency":null,"serviceAccountEmail":null,"vpc":null,"platform":"gcfv2","labels":{},"eventTrigger":{"eventType":"google.cloud.firestore.document.v1.written","eventFilters":{"database":"(default)","namespace":"(default)"},"eventFilterPathPatterns":{"document":"reservations/{reservationId}"},"retry":false},"entryPoint":"sendReservationConfirmationEmail"}},"specVersion":"v1alpha1","requiredAPIs":[],"extensions":{}}
[info] i  extensions: ensuring required API firebaseextensions.googleapis.com is enabled... 
[debug] [2025-06-01T19:29:46.742Z] Checked if tokens are valid: true, expires at: 1748809419630
[debug] [2025-06-01T19:29:46.742Z] Checked if tokens are valid: true, expires at: 1748809419630
[debug] [2025-06-01T19:29:46.742Z] >>> [apiv2][query] GET https://serviceusage.googleapis.com/v1/projects/supervitre-3a19e/services/firebaseextensions.googleapis.com [none]
[debug] [2025-06-01T19:29:46.742Z] >>> [apiv2][(partial)header] GET https://serviceusage.googleapis.com/v1/projects/supervitre-3a19e/services/firebaseextensions.googleapis.com x-goog-quota-user=projects/supervitre-3a19e
[debug] [2025-06-01T19:29:47.035Z] <<< [apiv2][status] GET https://serviceusage.googleapis.com/v1/projects/supervitre-3a19e/services/firebaseextensions.googleapis.com 200
[debug] [2025-06-01T19:29:47.036Z] <<< [apiv2][body] GET https://serviceusage.googleapis.com/v1/projects/supervitre-3a19e/services/firebaseextensions.googleapis.com [omitted]
[info] +  extensions: required API firebaseextensions.googleapis.com is enabled 
[debug] [2025-06-01T19:29:47.036Z] > command requires scopes: ["email","openid","https://www.googleapis.com/auth/cloudplatformprojects.readonly","https://www.googleapis.com/auth/firebase","https://www.googleapis.com/auth/cloud-platform"]
[debug] [2025-06-01T19:29:47.036Z] > authorizing via signed-in user (victor.frangov@gmail.com)
[debug] [2025-06-01T19:29:47.036Z] [iam] checking project supervitre-3a19e for permissions ["firebase.projects.get","firebaseextensions.instances.list"]
[debug] [2025-06-01T19:29:47.036Z] Checked if tokens are valid: true, expires at: 1748809419630
[debug] [2025-06-01T19:29:47.036Z] Checked if tokens are valid: true, expires at: 1748809419630
[debug] [2025-06-01T19:29:47.036Z] >>> [apiv2][query] POST https://cloudresourcemanager.googleapis.com/v1/projects/supervitre-3a19e:testIamPermissions [none]
[debug] [2025-06-01T19:29:47.036Z] >>> [apiv2][(partial)header] POST https://cloudresourcemanager.googleapis.com/v1/projects/supervitre-3a19e:testIamPermissions x-goog-quota-user=projects/supervitre-3a19e
[debug] [2025-06-01T19:29:47.036Z] >>> [apiv2][body] POST https://cloudresourcemanager.googleapis.com/v1/projects/supervitre-3a19e:testIamPermissions {"permissions":["firebase.projects.get","firebaseextensions.instances.list"]}
[debug] [2025-06-01T19:29:47.288Z] <<< [apiv2][status] POST https://cloudresourcemanager.googleapis.com/v1/projects/supervitre-3a19e:testIamPermissions 200
[debug] [2025-06-01T19:29:47.288Z] <<< [apiv2][body] POST https://cloudresourcemanager.googleapis.com/v1/projects/supervitre-3a19e:testIamPermissions {"permissions":["firebase.projects.get","firebaseextensions.instances.list"]}
[debug] [2025-06-01T19:29:47.288Z] Checked if tokens are valid: true, expires at: 1748809419630
[debug] [2025-06-01T19:29:47.288Z] Checked if tokens are valid: true, expires at: 1748809419630
[debug] [2025-06-01T19:29:47.289Z] >>> [apiv2][query] GET https://firebaseextensions.googleapis.com/v1beta/projects/supervitre-3a19e/instances pageSize=100&pageToken=
[debug] [2025-06-01T19:29:47.661Z] <<< [apiv2][status] GET https://firebaseextensions.googleapis.com/v1beta/projects/supervitre-3a19e/instances 200
[debug] [2025-06-01T19:29:47.661Z] <<< [apiv2][body] GET https://firebaseextensions.googleapis.com/v1beta/projects/supervitre-3a19e/instances {}
[info] i  functions: preparing functions directory for uploading... 
[info] i  functions: packaged C:\dev\VSCODE-GIT\WEBDEV\superVitre\functions (73.53 KB) for uploading 
[debug] [2025-06-01T19:29:47.700Z] Checked if tokens are valid: true, expires at: 1748809419630
[debug] [2025-06-01T19:29:47.700Z] Checked if tokens are valid: true, expires at: 1748809419630
[debug] [2025-06-01T19:29:47.700Z] >>> [apiv2][query] GET https://cloudfunctions.googleapis.com/v1/projects/supervitre-3a19e/locations/-/functions [none]
[debug] [2025-06-01T19:29:48.264Z] <<< [apiv2][status] GET https://cloudfunctions.googleapis.com/v1/projects/supervitre-3a19e/locations/-/functions 200
[debug] [2025-06-01T19:29:48.264Z] <<< [apiv2][body] GET https://cloudfunctions.googleapis.com/v1/projects/supervitre-3a19e/locations/-/functions {}
[debug] [2025-06-01T19:29:48.265Z] Checked if tokens are valid: true, expires at: 1748809419630
[debug] [2025-06-01T19:29:48.265Z] Checked if tokens are valid: true, expires at: 1748809419630
[debug] [2025-06-01T19:29:48.265Z] >>> [apiv2][query] GET https://cloudfunctions.googleapis.com/v2/projects/supervitre-3a19e/locations/-/functions filter=environment%3D%22GEN_2%22
[debug] [2025-06-01T19:29:48.680Z] <<< [apiv2][status] GET https://cloudfunctions.googleapis.com/v2/projects/supervitre-3a19e/locations/-/functions 200
[debug] [2025-06-01T19:29:48.680Z] <<< [apiv2][body] GET https://cloudfunctions.googleapis.com/v2/projects/supervitre-3a19e/locations/-/functions {}
[debug] [2025-06-01T19:29:48.681Z] Checked if tokens are valid: true, expires at: 1748809419630
[debug] [2025-06-01T19:29:48.681Z] Checked if tokens are valid: true, expires at: 1748809419630
[debug] [2025-06-01T19:29:48.681Z] >>> [apiv2][query] GET https://firestore.googleapis.com/v1/projects/supervitre-3a19e/databases/(default) [none]
[debug] [2025-06-01T19:29:48.829Z] <<< [apiv2][status] GET https://firestore.googleapis.com/v1/projects/supervitre-3a19e/databases/(default) 200
[debug] [2025-06-01T19:29:48.829Z] <<< [apiv2][body] GET https://firestore.googleapis.com/v1/projects/supervitre-3a19e/databases/(default) {"name":"projects/supervitre-3a19e/databases/(default)","uid":"18d44a66-60df-413e-8d7f-13facb1fa41f","createTime":"2025-05-11T21:07:11.194681Z","updateTime":"2025-05-11T21:07:11.194681Z","locationId":"northamerica-northeast1","type":"FIRESTORE_NATIVE","concurrencyMode":"PESSIMISTIC","versionRetentionPeriod":"604800s","earliestVersionTime":"2025-05-28T03:08:00Z","appEngineIntegrationMode":"DISABLED","keyPrefix":"k","pointInTimeRecoveryEnablement":"POINT_IN_TIME_RECOVERY_ENABLED","deleteProtectionState":"DELETE_PROTECTION_DISABLED","databaseEdition":"STANDARD","freeTier":true,"etag":"INSwrdz60I0DML722LmYyY0D"}
[info] i  functions: ensuring required API run.googleapis.com is enabled... 
[debug] [2025-06-01T19:29:48.830Z] Checked if tokens are valid: true, expires at: 1748809419630
[debug] [2025-06-01T19:29:48.830Z] Checked if tokens are valid: true, expires at: 1748809419630
[info] i  functions: ensuring required API eventarc.googleapis.com is enabled... 
[debug] [2025-06-01T19:29:48.830Z] Checked if tokens are valid: true, expires at: 1748809419630
[debug] [2025-06-01T19:29:48.830Z] Checked if tokens are valid: true, expires at: 1748809419630
[info] i  functions: ensuring required API pubsub.googleapis.com is enabled... 
[debug] [2025-06-01T19:29:48.831Z] Checked if tokens are valid: true, expires at: 1748809419630
[debug] [2025-06-01T19:29:48.831Z] Checked if tokens are valid: true, expires at: 1748809419630
[info] i  functions: ensuring required API storage.googleapis.com is enabled... 
[debug] [2025-06-01T19:29:48.831Z] Checked if tokens are valid: true, expires at: 1748809419630
[debug] [2025-06-01T19:29:48.831Z] Checked if tokens are valid: true, expires at: 1748809419630
[debug] [2025-06-01T19:29:48.831Z] >>> [apiv2][query] GET https://serviceusage.googleapis.com/v1/projects/67184412597/services/run.googleapis.com [none]
[debug] [2025-06-01T19:29:48.831Z] >>> [apiv2][(partial)header] GET https://serviceusage.googleapis.com/v1/projects/67184412597/services/run.googleapis.com x-goog-quota-user=projects/67184412597
[debug] [2025-06-01T19:29:48.831Z] >>> [apiv2][query] GET https://serviceusage.googleapis.com/v1/projects/67184412597/services/eventarc.googleapis.com [none]
[debug] [2025-06-01T19:29:48.831Z] >>> [apiv2][(partial)header] GET https://serviceusage.googleapis.com/v1/projects/67184412597/services/eventarc.googleapis.com x-goog-quota-user=projects/67184412597
[debug] [2025-06-01T19:29:48.833Z] >>> [apiv2][query] GET https://serviceusage.googleapis.com/v1/projects/67184412597/services/pubsub.googleapis.com [none]
[debug] [2025-06-01T19:29:48.833Z] >>> [apiv2][(partial)header] GET https://serviceusage.googleapis.com/v1/projects/67184412597/services/pubsub.googleapis.com x-goog-quota-user=projects/67184412597
[debug] [2025-06-01T19:29:48.834Z] >>> [apiv2][query] GET https://serviceusage.googleapis.com/v1/projects/67184412597/services/storage.googleapis.com [none]
[debug] [2025-06-01T19:29:48.834Z] >>> [apiv2][(partial)header] GET https://serviceusage.googleapis.com/v1/projects/67184412597/services/storage.googleapis.com x-goog-quota-user=projects/67184412597
[debug] [2025-06-01T19:29:49.235Z] <<< [apiv2][status] GET https://serviceusage.googleapis.com/v1/projects/67184412597/services/run.googleapis.com 200
[debug] [2025-06-01T19:29:49.235Z] <<< [apiv2][body] GET https://serviceusage.googleapis.com/v1/projects/67184412597/services/run.googleapis.com [omitted]
[info] +  functions: required API run.googleapis.com is enabled 
[debug] [2025-06-01T19:29:49.272Z] <<< [apiv2][status] GET https://serviceusage.googleapis.com/v1/projects/67184412597/services/storage.googleapis.com 200
[debug] [2025-06-01T19:29:49.272Z] <<< [apiv2][body] GET https://serviceusage.googleapis.com/v1/projects/67184412597/services/storage.googleapis.com [omitted]
[info] +  functions: required API storage.googleapis.com is enabled 
[debug] [2025-06-01T19:29:49.275Z] <<< [apiv2][status] GET https://serviceusage.googleapis.com/v1/projects/67184412597/services/pubsub.googleapis.com 200
[debug] [2025-06-01T19:29:49.275Z] <<< [apiv2][body] GET https://serviceusage.googleapis.com/v1/projects/67184412597/services/pubsub.googleapis.com [omitted]
[info] +  functions: required API pubsub.googleapis.com is enabled 
[debug] [2025-06-01T19:29:49.276Z] <<< [apiv2][status] GET https://serviceusage.googleapis.com/v1/projects/67184412597/services/eventarc.googleapis.com 200
[debug] [2025-06-01T19:29:49.276Z] <<< [apiv2][body] GET https://serviceusage.googleapis.com/v1/projects/67184412597/services/eventarc.googleapis.com [omitted]
[warn] !  functions: missing required API eventarc.googleapis.com. Enabling now... 
[debug] [2025-06-01T19:29:49.277Z] Checked if tokens are valid: true, expires at: 1748809419630
[debug] [2025-06-01T19:29:49.277Z] Checked if tokens are valid: true, expires at: 1748809419630
[debug] [2025-06-01T19:29:49.277Z] >>> [apiv2][query] POST https://serviceusage.googleapis.com/v1/projects/67184412597/services/eventarc.googleapis.com:enable [none]
[debug] [2025-06-01T19:29:49.277Z] >>> [apiv2][(partial)header] POST https://serviceusage.googleapis.com/v1/projects/67184412597/services/eventarc.googleapis.com:enable x-goog-quota-user=projects/67184412597
[debug] [2025-06-01T19:29:50.282Z] <<< [apiv2][status] POST https://serviceusage.googleapis.com/v1/projects/67184412597/services/eventarc.googleapis.com:enable 200
[debug] [2025-06-01T19:29:50.282Z] <<< [apiv2][body] POST https://serviceusage.googleapis.com/v1/projects/67184412597/services/eventarc.googleapis.com:enable [omitted]
[debug] [2025-06-01T19:30:00.295Z] Checked if tokens are valid: true, expires at: 1748809419630
[debug] [2025-06-01T19:30:00.296Z] Checked if tokens are valid: true, expires at: 1748809419630
[debug] [2025-06-01T19:30:00.296Z] >>> [apiv2][query] GET https://serviceusage.googleapis.com/v1/projects/67184412597/services/eventarc.googleapis.com [none]
[debug] [2025-06-01T19:30:00.296Z] >>> [apiv2][(partial)header] GET https://serviceusage.googleapis.com/v1/projects/67184412597/services/eventarc.googleapis.com x-goog-quota-user=projects/67184412597
[debug] [2025-06-01T19:30:00.709Z] <<< [apiv2][status] GET https://serviceusage.googleapis.com/v1/projects/67184412597/services/eventarc.googleapis.com 200
[debug] [2025-06-01T19:30:00.709Z] <<< [apiv2][body] GET https://serviceusage.googleapis.com/v1/projects/67184412597/services/eventarc.googleapis.com [omitted]
[info] +  functions: required API eventarc.googleapis.com is enabled 
[info] i  functions: generating the service identity for pubsub.googleapis.com... 
[debug] [2025-06-01T19:30:00.710Z] Checked if tokens are valid: true, expires at: 1748809419630
[debug] [2025-06-01T19:30:00.710Z] Checked if tokens are valid: true, expires at: 1748809419630
[info] i  functions: generating the service identity for eventarc.googleapis.com... 
[debug] [2025-06-01T19:30:00.710Z] Checked if tokens are valid: true, expires at: 1748809419630
[debug] [2025-06-01T19:30:00.710Z] Checked if tokens are valid: true, expires at: 1748809419630
[debug] [2025-06-01T19:30:00.710Z] >>> [apiv2][query] POST https://serviceusage.googleapis.com/v1beta1/projects/67184412597/services/pubsub.googleapis.com:generateServiceIdentity [none]
[debug] [2025-06-01T19:30:00.711Z] >>> [apiv2][query] POST https://serviceusage.googleapis.com/v1beta1/projects/67184412597/services/eventarc.googleapis.com:generateServiceIdentity [none]
[debug] [2025-06-01T19:30:01.404Z] <<< [apiv2][status] POST https://serviceusage.googleapis.com/v1beta1/projects/67184412597/services/pubsub.googleapis.com:generateServiceIdentity 200
[debug] [2025-06-01T19:30:01.405Z] <<< [apiv2][body] POST https://serviceusage.googleapis.com/v1beta1/projects/67184412597/services/pubsub.googleapis.com:generateServiceIdentity {"name":"operations/finished.DONE_OPERATION","done":true,"response":{"@type":"type.googleapis.com/google.api.serviceusage.v1beta1.ServiceIdentity","email":"service-67184412597@gcp-sa-pubsub.iam.gserviceaccount.com","uniqueId":"116637060384707137850"}}
[debug] [2025-06-01T19:30:01.447Z] <<< [apiv2][status] POST https://serviceusage.googleapis.com/v1beta1/projects/67184412597/services/eventarc.googleapis.com:generateServiceIdentity 200
[debug] [2025-06-01T19:30:01.448Z] <<< [apiv2][body] POST https://serviceusage.googleapis.com/v1beta1/projects/67184412597/services/eventarc.googleapis.com:generateServiceIdentity {"name":"operations/finished.DONE_OPERATION","done":true,"response":{"@type":"type.googleapis.com/google.api.serviceusage.v1beta1.ServiceIdentity","email":"service-67184412597@gcp-sa-eventarc.iam.gserviceaccount.com","uniqueId":"107916869717528285370"}}
[debug] [2025-06-01T19:30:01.449Z] Checked if tokens are valid: true, expires at: 1748809419630
[debug] [2025-06-01T19:30:01.449Z] Checked if tokens are valid: true, expires at: 1748809419630
[debug] [2025-06-01T19:30:01.449Z] >>> [apiv2][query] GET https://compute.googleapis.com/compute/v1/projects/67184412597 [none]
[debug] [2025-06-01T19:30:01.606Z] <<< [apiv2][status] GET https://compute.googleapis.com/compute/v1/projects/67184412597 403
[debug] [2025-06-01T19:30:01.606Z] <<< [apiv2][body] GET https://compute.googleapis.com/compute/v1/projects/67184412597 {"error":{"code":403,"message":"Compute Engine API has not been used in project 67184412597 before or it is disabled. Enable it by visiting https://console.developers.google.com/apis/api/compute.googleapis.com/overview?project=67184412597 then retry. If you enabled this API recently, wait a few minutes for the action to propagate to our systems and retry.","errors":[{"message":"Compute Engine API has not been used in project 67184412597 before or it is disabled. Enable it by visiting https://console.developers.google.com/apis/api/compute.googleapis.com/overview?project=67184412597 then retry. If you enabled this API recently, wait a few minutes for the action to propagate to our systems and retry.","domain":"usageLimits","reason":"accessNotConfigured","extendedHelp":"https://console.developers.google.com"}],"status":"PERMISSION_DENIED","details":[{"@type":"type.googleapis.com/google.rpc.ErrorInfo","reason":"SERVICE_DISABLED","domain":"googleapis.com","metadata":{"serviceTitle":"Compute Engine API","service":"compute.googleapis.com","consumer":"projects/67184412597","activationUrl":"https://console.developers.google.com/apis/api/compute.googleapis.com/overview?project=67184412597","containerInfo":"67184412597"}},{"@type":"type.googleapis.com/google.rpc.LocalizedMessage","locale":"en-US","message":"Compute Engine API has not been used in project 67184412597 before or it is disabled. Enable it by visiting https://console.developers.google.com/apis/api/compute.googleapis.com/overview?project=67184412597 then retry. If you enabled this API recently, wait a few minutes for the action to propagate to our systems and retry."},{"@type":"type.googleapis.com/google.rpc.Help","links":[{"description":"Google developers console API activation","url":"https://console.developers.google.com/apis/api/compute.googleapis.com/overview?project=67184412597"}]}]}}
[debug] [2025-06-01T19:30:01.606Z] unable to look up default compute service account. Falling back to 67184412597-compute@developer.gserviceaccount.com. Error: {"name":"FirebaseError","children":[],"context":{"body":{"error":{"code":403,"message":"Compute Engine API has not been used in project 67184412597 before or it is disabled. Enable it by visiting https://console.developers.google.com/apis/api/compute.googleapis.com/overview?project=67184412597 then retry. If you enabled this API recently, wait a few minutes for the action to propagate to our systems and retry.","errors":[{"message":"Compute Engine API has not been used in project 67184412597 before or it is disabled. Enable it by visiting https://console.developers.google.com/apis/api/compute.googleapis.com/overview?project=67184412597 then retry. If you enabled this API recently, wait a few minutes for the action to propagate to our systems and retry.","domain":"usageLimits","reason":"accessNotConfigured","extendedHelp":"https://console.developers.google.com"}],"status":"PERMISSION_DENIED","details":[{"@type":"type.googleapis.com/google.rpc.ErrorInfo","reason":"SERVICE_DISABLED","domain":"googleapis.com","metadata":{"serviceTitle":"Compute Engine API","service":"compute.googleapis.com","consumer":"projects/67184412597","activationUrl":"https://console.developers.google.com/apis/api/compute.googleapis.com/overview?project=67184412597","containerInfo":"67184412597"}},{"@type":"type.googleapis.com/google.rpc.LocalizedMessage","locale":"en-US","message":"Compute Engine API has not been used in project 67184412597 before or it is disabled. Enable it by visiting https://console.developers.google.com/apis/api/compute.googleapis.com/overview?project=67184412597 then retry. If you enabled this API recently, wait a few minutes for the action to propagate to our systems and retry."},{"@type":"type.googleapis.com/google.rpc.Help","links":[{"description":"Google developers console API activation","url":"https://console.developers.google.com/apis/api/compute.googleapis.com/overview?project=67184412597"}]}]}},"response":{"statusCode":403}},"exit":1,"message":"Request to https://compute.googleapis.com/compute/v1/projects/67184412597 had HTTP Error: 403, Compute Engine API has not been used in project 67184412597 before or it is disabled. Enable it by visiting https://console.developers.google.com/apis/api/compute.googleapis.com/overview?project=67184412597 then retry. If you enabled this API recently, wait a few minutes for the action to propagate to our systems and retry.","status":403}
[debug] [2025-06-01T19:30:01.607Z] Checked if tokens are valid: true, expires at: 1748809419630
[debug] [2025-06-01T19:30:01.607Z] Checked if tokens are valid: true, expires at: 1748809419630
[debug] [2025-06-01T19:30:01.607Z] >>> [apiv2][query] POST https://cloudresourcemanager.googleapis.com/v1/projects/67184412597:getIamPolicy [none]
[debug] [2025-06-01T19:30:01.812Z] <<< [apiv2][status] POST https://cloudresourcemanager.googleapis.com/v1/projects/67184412597:getIamPolicy 200
[debug] [2025-06-01T19:30:01.813Z] <<< [apiv2][body] POST https://cloudresourcemanager.googleapis.com/v1/projects/67184412597:getIamPolicy {"version":1,"etag":"BwY2hsgjbaU=","bindings":[{"role":"roles/artifactregistry.serviceAgent","members":["serviceAccount:service-67184412597@gcp-sa-artifactregistry.iam.gserviceaccount.com"]},{"role":"roles/cloudbuild.builds.builder","members":["serviceAccount:67184412597@cloudbuild.gserviceaccount.com"]},{"role":"roles/cloudbuild.serviceAgent","members":["serviceAccount:service-67184412597@gcp-sa-cloudbuild.iam.gserviceaccount.com"]},{"role":"roles/cloudfunctions.admin","members":["serviceAccount:firebase-adminsdk-fbsvc@supervitre-3a19e.iam.gserviceaccount.com"]},{"role":"roles/containerregistry.ServiceAgent","members":["serviceAccount:service-67184412597@containerregistry.iam.gserviceaccount.com"]},{"role":"roles/developerconnect.readTokenAccessor","members":["serviceAccount:firebase-app-hosting-compute@supervitre-3a19e.iam.gserviceaccount.com"]},{"role":"roles/developerconnect.serviceAgent","members":["serviceAccount:service-67184412597@gcp-sa-devconnect.iam.gserviceaccount.com"]},{"role":"roles/editor","members":["serviceAccount:67184412597-compute@developer.gserviceaccount.com","serviceAccount:67184412597@cloudservices.gserviceaccount.com"]},{"role":"roles/firebase.managementServiceAgent","members":["serviceAccount:service-67184412597@gcp-sa-firebase.iam.gserviceaccount.com"]},{"role":"roles/firebase.sdkAdminServiceAgent","members":["serviceAccount:firebase-adminsdk-fbsvc@supervitre-3a19e.iam.gserviceaccount.com","serviceAccount:firebase-app-hosting-compute@supervitre-3a19e.iam.gserviceaccount.com"]},{"role":"roles/firebaseappcheck.admin","members":["serviceAccount:firebase-adminsdk-fbsvc@supervitre-3a19e.iam.gserviceaccount.com"]},{"role":"roles/firebaseappcheck.serviceAgent","members":["serviceAccount:service-67184412597@gcp-sa-firebaseappcheck.iam.gserviceaccount.com"]},{"role":"roles/firebaseapphosting.computeRunner","members":["serviceAccount:firebase-app-hosting-compute@supervitre-3a19e.iam.gserviceaccount.com"]},{"role":"roles/firebaseapphosting.serviceAgent","members":["serviceAccount:service-67184412597@gcp-sa-firebaseapphosting.iam.gserviceaccount.com"]},{"role":"roles/firebaseauth.admin","members":["serviceAccount:firebase-adminsdk-fbsvc@supervitre-3a19e.iam.gserviceaccount.com"]},{"role":"roles/firebasemods.serviceAgent","members":["serviceAccount:service-67184412597@gcp-sa-firebasemods.iam.gserviceaccount.com"]},{"role":"roles/firebaserules.system","members":["serviceAccount:service-67184412597@firebase-rules.iam.gserviceaccount.com"]},{"role":"roles/firebasestorage.serviceAgent","members":["serviceAccount:service-67184412597@gcp-sa-firebasestorage.iam.gserviceaccount.com"]},{"role":"roles/firestore.serviceAgent","members":["serviceAccount:service-67184412597@gcp-sa-firestore.iam.gserviceaccount.com"]},{"role":"roles/iam.serviceAccountTokenCreator","members":["serviceAccount:firebase-adminsdk-fbsvc@supervitre-3a19e.iam.gserviceaccount.com"]},{"role":"roles/owner","members":["user:admin@supervitre.net","user:victor.frangov@gmail.com"]},{"role":"roles/run.serviceAgent","members":["serviceAccount:service-67184412597@serverless-robot-prod.iam.gserviceaccount.com"]},{"role":"roles/secretmanager.admin_withcond_99991acf91730fc6f870","members":["serviceAccount:service-67184412597@gcp-sa-devconnect.iam.gserviceaccount.com"]},{"role":"roles/storage.admin","members":["serviceAccount:firebase-adminsdk-fbsvc@supervitre-3a19e.iam.gserviceaccount.com"]}]}
[debug] [2025-06-01T19:30:01.813Z] Checked if tokens are valid: true, expires at: 1748809419630
[debug] [2025-06-01T19:30:01.813Z] Checked if tokens are valid: true, expires at: 1748809419630
[debug] [2025-06-01T19:30:01.813Z] >>> [apiv2][query] POST https://cloudresourcemanager.googleapis.com/v1/projects/67184412597:setIamPolicy [none]
[debug] [2025-06-01T19:30:01.813Z] >>> [apiv2][body] POST https://cloudresourcemanager.googleapis.com/v1/projects/67184412597:setIamPolicy {"policy":{"version":1,"etag":"BwY2hsgjbaU=","bindings":[{"role":"roles/artifactregistry.serviceAgent","members":["serviceAccount:service-67184412597@gcp-sa-artifactregistry.iam.gserviceaccount.com"]},{"role":"roles/cloudbuild.builds.builder","members":["serviceAccount:67184412597@cloudbuild.gserviceaccount.com"]},{"role":"roles/cloudbuild.serviceAgent","members":["serviceAccount:service-67184412597@gcp-sa-cloudbuild.iam.gserviceaccount.com"]},{"role":"roles/cloudfunctions.admin","members":["serviceAccount:firebase-adminsdk-fbsvc@supervitre-3a19e.iam.gserviceaccount.com"]},{"role":"roles/containerregistry.ServiceAgent","members":["serviceAccount:service-67184412597@containerregistry.iam.gserviceaccount.com"]},{"role":"roles/developerconnect.readTokenAccessor","members":["serviceAccount:firebase-app-hosting-compute@supervitre-3a19e.iam.gserviceaccount.com"]},{"role":"roles/developerconnect.serviceAgent","members":["serviceAccount:service-67184412597@gcp-sa-devconnect.iam.gserviceaccount.com"]},{"role":"roles/editor","members":["serviceAccount:67184412597-compute@developer.gserviceaccount.com","serviceAccount:67184412597@cloudservices.gserviceaccount.com"]},{"role":"roles/firebase.managementServiceAgent","members":["serviceAccount:service-67184412597@gcp-sa-firebase.iam.gserviceaccount.com"]},{"role":"roles/firebase.sdkAdminServiceAgent","members":["serviceAccount:firebase-adminsdk-fbsvc@supervitre-3a19e.iam.gserviceaccount.com","serviceAccount:firebase-app-hosting-compute@supervitre-3a19e.iam.gserviceaccount.com"]},{"role":"roles/firebaseappcheck.admin","members":["serviceAccount:firebase-adminsdk-fbsvc@supervitre-3a19e.iam.gserviceaccount.com"]},{"role":"roles/firebaseappcheck.serviceAgent","members":["serviceAccount:service-67184412597@gcp-sa-firebaseappcheck.iam.gserviceaccount.com"]},{"role":"roles/firebaseapphosting.computeRunner","members":["serviceAccount:firebase-app-hosting-compute@supervitre-3a19e.iam.gserviceaccount.com"]},{"role":"roles/firebaseapphosting.serviceAgent","members":["serviceAccount:service-67184412597@gcp-sa-firebaseapphosting.iam.gserviceaccount.com"]},{"role":"roles/firebaseauth.admin","members":["serviceAccount:firebase-adminsdk-fbsvc@supervitre-3a19e.iam.gserviceaccount.com"]},{"role":"roles/firebasemods.serviceAgent","members":["serviceAccount:service-67184412597@gcp-sa-firebasemods.iam.gserviceaccount.com"]},{"role":"roles/firebaserules.system","members":["serviceAccount:service-67184412597@firebase-rules.iam.gserviceaccount.com"]},{"role":"roles/firebasestorage.serviceAgent","members":["serviceAccount:service-67184412597@gcp-sa-firebasestorage.iam.gserviceaccount.com"]},{"role":"roles/firestore.serviceAgent","members":["serviceAccount:service-67184412597@gcp-sa-firestore.iam.gserviceaccount.com"]},{"role":"roles/iam.serviceAccountTokenCreator","members":["serviceAccount:firebase-adminsdk-fbsvc@supervitre-3a19e.iam.gserviceaccount.com","serviceAccount:service-67184412597@gcp-sa-pubsub.iam.gserviceaccount.com"]},{"role":"roles/owner","members":["user:admin@supervitre.net","user:victor.frangov@gmail.com"]},{"role":"roles/run.serviceAgent","members":["serviceAccount:service-67184412597@serverless-robot-prod.iam.gserviceaccount.com"]},{"role":"roles/secretmanager.admin_withcond_99991acf91730fc6f870","members":["serviceAccount:service-67184412597@gcp-sa-devconnect.iam.gserviceaccount.com"]},{"role":"roles/storage.admin","members":["serviceAccount:firebase-adminsdk-fbsvc@supervitre-3a19e.iam.gserviceaccount.com"]},{"role":"roles/run.invoker","members":["serviceAccount:67184412597-compute@developer.gserviceaccount.com"]},{"role":"roles/eventarc.eventReceiver","members":["serviceAccount:67184412597-compute@developer.gserviceaccount.com"]}]},"updateMask":"bindings"}
[debug] [2025-06-01T19:30:02.746Z] <<< [apiv2][status] POST https://cloudresourcemanager.googleapis.com/v1/projects/67184412597:setIamPolicy 200
[debug] [2025-06-01T19:30:02.746Z] <<< [apiv2][body] POST https://cloudresourcemanager.googleapis.com/v1/projects/67184412597:setIamPolicy {"version":1,"etag":"BwY2h6xfGzg=","bindings":[{"role":"roles/artifactregistry.serviceAgent","members":["serviceAccount:service-67184412597@gcp-sa-artifactregistry.iam.gserviceaccount.com"]},{"role":"roles/cloudbuild.builds.builder","members":["serviceAccount:67184412597@cloudbuild.gserviceaccount.com"]},{"role":"roles/cloudbuild.serviceAgent","members":["serviceAccount:service-67184412597@gcp-sa-cloudbuild.iam.gserviceaccount.com"]},{"role":"roles/cloudfunctions.admin","members":["serviceAccount:firebase-adminsdk-fbsvc@supervitre-3a19e.iam.gserviceaccount.com"]},{"role":"roles/containerregistry.ServiceAgent","members":["serviceAccount:service-67184412597@containerregistry.iam.gserviceaccount.com"]},{"role":"roles/developerconnect.readTokenAccessor","members":["serviceAccount:firebase-app-hosting-compute@supervitre-3a19e.iam.gserviceaccount.com"]},{"role":"roles/developerconnect.serviceAgent","members":["serviceAccount:service-67184412597@gcp-sa-devconnect.iam.gserviceaccount.com"]},{"role":"roles/editor","members":["serviceAccount:67184412597-compute@developer.gserviceaccount.com","serviceAccount:67184412597@cloudservices.gserviceaccount.com"]},{"role":"roles/eventarc.eventReceiver","members":["serviceAccount:67184412597-compute@developer.gserviceaccount.com"]},{"role":"roles/firebase.managementServiceAgent","members":["serviceAccount:service-67184412597@gcp-sa-firebase.iam.gserviceaccount.com"]},{"role":"roles/firebase.sdkAdminServiceAgent","members":["serviceAccount:firebase-adminsdk-fbsvc@supervitre-3a19e.iam.gserviceaccount.com","serviceAccount:firebase-app-hosting-compute@supervitre-3a19e.iam.gserviceaccount.com"]},{"role":"roles/firebaseappcheck.admin","members":["serviceAccount:firebase-adminsdk-fbsvc@supervitre-3a19e.iam.gserviceaccount.com"]},{"role":"roles/firebaseappcheck.serviceAgent","members":["serviceAccount:service-67184412597@gcp-sa-firebaseappcheck.iam.gserviceaccount.com"]},{"role":"roles/firebaseapphosting.computeRunner","members":["serviceAccount:firebase-app-hosting-compute@supervitre-3a19e.iam.gserviceaccount.com"]},{"role":"roles/firebaseapphosting.serviceAgent","members":["serviceAccount:service-67184412597@gcp-sa-firebaseapphosting.iam.gserviceaccount.com"]},{"role":"roles/firebaseauth.admin","members":["serviceAccount:firebase-adminsdk-fbsvc@supervitre-3a19e.iam.gserviceaccount.com"]},{"role":"roles/firebasemods.serviceAgent","members":["serviceAccount:service-67184412597@gcp-sa-firebasemods.iam.gserviceaccount.com"]},{"role":"roles/firebaserules.system","members":["serviceAccount:service-67184412597@firebase-rules.iam.gserviceaccount.com"]},{"role":"roles/firebasestorage.serviceAgent","members":["serviceAccount:service-67184412597@gcp-sa-firebasestorage.iam.gserviceaccount.com"]},{"role":"roles/firestore.serviceAgent","members":["serviceAccount:service-67184412597@gcp-sa-firestore.iam.gserviceaccount.com"]},{"role":"roles/iam.serviceAccountTokenCreator","members":["serviceAccount:firebase-adminsdk-fbsvc@supervitre-3a19e.iam.gserviceaccount.com","serviceAccount:service-67184412597@gcp-sa-pubsub.iam.gserviceaccount.com"]},{"role":"roles/owner","members":["user:admin@supervitre.net","user:victor.frangov@gmail.com"]},{"role":"roles/run.invoker","members":["serviceAccount:67184412597-compute@developer.gserviceaccount.com"]},{"role":"roles/run.serviceAgent","members":["serviceAccount:service-67184412597@serverless-robot-prod.iam.gserviceaccount.com"]},{"role":"roles/secretmanager.admin_withcond_99991acf91730fc6f870","members":["serviceAccount:service-67184412597@gcp-sa-devconnect.iam.gserviceaccount.com"]},{"role":"roles/storage.admin","members":["serviceAccount:firebase-adminsdk-fbsvc@supervitre-3a19e.iam.gserviceaccount.com"]}]}
[debug] [2025-06-01T19:30:02.747Z] Checked if tokens are valid: true, expires at: 1748809419630
[debug] [2025-06-01T19:30:02.747Z] Checked if tokens are valid: true, expires at: 1748809419630
[debug] [2025-06-01T19:30:02.747Z] >>> [apiv2][query] GET https://serviceusage.googleapis.com/v1/projects/supervitre-3a19e/services/cloudresourcemanager.googleapis.com [none]
[debug] [2025-06-01T19:30:02.747Z] >>> [apiv2][(partial)header] GET https://serviceusage.googleapis.com/v1/projects/supervitre-3a19e/services/cloudresourcemanager.googleapis.com x-goog-quota-user=projects/supervitre-3a19e
[debug] [2025-06-01T19:30:03.029Z] <<< [apiv2][status] GET https://serviceusage.googleapis.com/v1/projects/supervitre-3a19e/services/cloudresourcemanager.googleapis.com 200
[debug] [2025-06-01T19:30:03.030Z] <<< [apiv2][body] GET https://serviceusage.googleapis.com/v1/projects/supervitre-3a19e/services/cloudresourcemanager.googleapis.com [omitted]
[debug] [2025-06-01T19:30:03.030Z] Checked if tokens are valid: true, expires at: 1748809419630
[debug] [2025-06-01T19:30:03.030Z] Checked if tokens are valid: true, expires at: 1748809419630
[debug] [2025-06-01T19:30:03.030Z] >>> [apiv2][query] GET https://cloudresourcemanager.googleapis.com/v1/projects/supervitre-3a19e [none]
[debug] [2025-06-01T19:30:03.144Z] <<< [apiv2][status] GET https://cloudresourcemanager.googleapis.com/v1/projects/supervitre-3a19e 200
[debug] [2025-06-01T19:30:03.144Z] <<< [apiv2][body] GET https://cloudresourcemanager.googleapis.com/v1/projects/supervitre-3a19e {"projectNumber":"67184412597","projectId":"supervitre-3a19e","lifecycleState":"ACTIVE","name":"SuperVitre","labels":{"firebase":"enabled","firebase-core":"disabled"},"createTime":"2025-05-07T18:36:08.043590Z"}
[debug] [2025-06-01T19:30:03.144Z] Checked if tokens are valid: true, expires at: 1748809419630
[debug] [2025-06-01T19:30:03.144Z] Checked if tokens are valid: true, expires at: 1748809419630
[debug] [2025-06-01T19:30:03.144Z] >>> [apiv2][query] GET https://compute.googleapis.com/compute/v1/projects/67184412597 [none]
[debug] [2025-06-01T19:30:03.204Z] <<< [apiv2][status] GET https://compute.googleapis.com/compute/v1/projects/67184412597 403
[debug] [2025-06-01T19:30:03.204Z] <<< [apiv2][body] GET https://compute.googleapis.com/compute/v1/projects/67184412597 {"error":{"code":403,"message":"Compute Engine API has not been used in project 67184412597 before or it is disabled. Enable it by visiting https://console.developers.google.com/apis/api/compute.googleapis.com/overview?project=67184412597 then retry. If you enabled this API recently, wait a few minutes for the action to propagate to our systems and retry.","errors":[{"message":"Compute Engine API has not been used in project 67184412597 before or it is disabled. Enable it by visiting https://console.developers.google.com/apis/api/compute.googleapis.com/overview?project=67184412597 then retry. If you enabled this API recently, wait a few minutes for the action to propagate to our systems and retry.","domain":"usageLimits","reason":"accessNotConfigured","extendedHelp":"https://console.developers.google.com"}],"status":"PERMISSION_DENIED","details":[{"@type":"type.googleapis.com/google.rpc.ErrorInfo","reason":"SERVICE_DISABLED","domain":"googleapis.com","metadata":{"serviceTitle":"Compute Engine API","service":"compute.googleapis.com","activationUrl":"https://console.developers.google.com/apis/api/compute.googleapis.com/overview?project=67184412597","containerInfo":"67184412597","consumer":"projects/67184412597"}},{"@type":"type.googleapis.com/google.rpc.LocalizedMessage","locale":"en-US","message":"Compute Engine API has not been used in project 67184412597 before or it is disabled. Enable it by visiting https://console.developers.google.com/apis/api/compute.googleapis.com/overview?project=67184412597 then retry. If you enabled this API recently, wait a few minutes for the action to propagate to our systems and retry."},{"@type":"type.googleapis.com/google.rpc.Help","links":[{"description":"Google developers console API activation","url":"https://console.developers.google.com/apis/api/compute.googleapis.com/overview?project=67184412597"}]}]}}
[debug] [2025-06-01T19:30:03.205Z] unable to look up default compute service account. Falling back to 67184412597-compute@developer.gserviceaccount.com. Error: {"name":"FirebaseError","children":[],"context":{"body":{"error":{"code":403,"message":"Compute Engine API has not been used in project 67184412597 before or it is disabled. Enable it by visiting https://console.developers.google.com/apis/api/compute.googleapis.com/overview?project=67184412597 then retry. If you enabled this API recently, wait a few minutes for the action to propagate to our systems and retry.","errors":[{"message":"Compute Engine API has not been used in project 67184412597 before or it is disabled. Enable it by visiting https://console.developers.google.com/apis/api/compute.googleapis.com/overview?project=67184412597 then retry. If you enabled this API recently, wait a few minutes for the action to propagate to our systems and retry.","domain":"usageLimits","reason":"accessNotConfigured","extendedHelp":"https://console.developers.google.com"}],"status":"PERMISSION_DENIED","details":[{"@type":"type.googleapis.com/google.rpc.ErrorInfo","reason":"SERVICE_DISABLED","domain":"googleapis.com","metadata":{"serviceTitle":"Compute Engine API","service":"compute.googleapis.com","activationUrl":"https://console.developers.google.com/apis/api/compute.googleapis.com/overview?project=67184412597","containerInfo":"67184412597","consumer":"projects/67184412597"}},{"@type":"type.googleapis.com/google.rpc.LocalizedMessage","locale":"en-US","message":"Compute Engine API has not been used in project 67184412597 before or it is disabled. Enable it by visiting https://console.developers.google.com/apis/api/compute.googleapis.com/overview?project=67184412597 then retry. If you enabled this API recently, wait a few minutes for the action to propagate to our systems and retry."},{"@type":"type.googleapis.com/google.rpc.Help","links":[{"description":"Google developers console API activation","url":"https://console.developers.google.com/apis/api/compute.googleapis.com/overview?project=67184412597"}]}]}},"response":{"statusCode":403}},"exit":1,"message":"Request to https://compute.googleapis.com/compute/v1/projects/67184412597 had HTTP Error: 403, Compute Engine API has not been used in project 67184412597 before or it is disabled. Enable it by visiting https://console.developers.google.com/apis/api/compute.googleapis.com/overview?project=67184412597 then retry. If you enabled this API recently, wait a few minutes for the action to propagate to our systems and retry.","status":403}
[debug] [2025-06-01T19:30:03.205Z] Checked if tokens are valid: true, expires at: 1748809419630
[debug] [2025-06-01T19:30:03.205Z] Checked if tokens are valid: true, expires at: 1748809419630
[debug] [2025-06-01T19:30:03.205Z] >>> [apiv2][query] GET https://cloudbilling.googleapis.com/v1/projects/supervitre-3a19e/billingInfo [none]
[debug] [2025-06-01T19:30:03.434Z] <<< [apiv2][status] GET https://cloudbilling.googleapis.com/v1/projects/supervitre-3a19e/billingInfo 200
[debug] [2025-06-01T19:30:03.434Z] <<< [apiv2][body] GET https://cloudbilling.googleapis.com/v1/projects/supervitre-3a19e/billingInfo {"name":"projects/supervitre-3a19e/billingInfo","projectId":"supervitre-3a19e","billingAccountName":"billingAccounts/01925E-3669BB-061879","billingEnabled":true}
[debug] [2025-06-01T19:30:03.435Z] Checked if tokens are valid: true, expires at: 1748809419630
[debug] [2025-06-01T19:30:03.435Z] Checked if tokens are valid: true, expires at: 1748809419630
[debug] [2025-06-01T19:30:03.435Z] >>> [apiv2][query] POST https://cloudfunctions.googleapis.com/v2/projects/supervitre-3a19e/locations/us-central1/functions:generateUploadUrl [none]
[debug] [2025-06-01T19:30:10.312Z] <<< [apiv2][status] POST https://cloudfunctions.googleapis.com/v2/projects/supervitre-3a19e/locations/us-central1/functions:generateUploadUrl 200
[debug] [2025-06-01T19:30:10.312Z] <<< [apiv2][body] POST https://cloudfunctions.googleapis.com/v2/projects/supervitre-3a19e/locations/us-central1/functions:generateUploadUrl {"uploadUrl":"https://storage.googleapis.com/gcf-v2-uploads-67184412597.us-central1.cloudfunctions.appspot.com/7da81a29-7246-499e-b094-bc1f20b04498.zip?GoogleAccessId=service-67184412597@gcf-admin-robot.iam.gserviceaccount.com&Expires=1748808008&Signature=HEO%2BajLXRVYwBprVX1qbjKq2zF5qnxxAGSVKyQDsn90%2BNDuZdGlZk6K2CUllgS60TJAfK3hID%2Bisp6j%2BVgdOj0yv5sx4O8AylpU5z9%2BHKXAGX5Ne28blW6vW6gG0ZsiCXYD5Ka8maNy3yulg1w6IVTRSFffLCedPXQKZCYZ2KKLfAlMEATm1cL7%2FWMbmLMZjeRWGIRslZPaMkY4ONuN2UsoRgwY7cOb9FVttJMrYQ3IdETKrdzl9rDs9BOOcEeCUohOJ%2BJ%2BKdfulP3XGGKxAmhqkhTSuQQHhw9XW18Zo8381oqjjpLD8OY%2BBpzaeGA4t8zZA8XZrE8X%2B81JxMnBAGg%3D%3D","storageSource":{"bucket":"gcf-v2-uploads-67184412597.us-central1.cloudfunctions.appspot.com","object":"7da81a29-7246-499e-b094-bc1f20b04498.zip"}}
[debug] [2025-06-01T19:30:10.312Z] >>> [apiv2][query] PUT https://storage.googleapis.com/gcf-v2-uploads-67184412597.us-central1.cloudfunctions.appspot.com/7da81a29-7246-499e-b094-bc1f20b04498.zip GoogleAccessId=service-67184412597%40gcf-admin-robot.iam.gserviceaccount.com&Expires=1748808008&Signature=HEO%2BajLXRVYwBprVX1qbjKq2zF5qnxxAGSVKyQDsn90%2BNDuZdGlZk6K2CUllgS60TJAfK3hID%2Bisp6j%2BVgdOj0yv5sx4O8AylpU5z9%2BHKXAGX5Ne28blW6vW6gG0ZsiCXYD5Ka8maNy3yulg1w6IVTRSFffLCedPXQKZCYZ2KKLfAlMEATm1cL7%2FWMbmLMZjeRWGIRslZPaMkY4ONuN2UsoRgwY7cOb9FVttJMrYQ3IdETKrdzl9rDs9BOOcEeCUohOJ%2BJ%2BKdfulP3XGGKxAmhqkhTSuQQHhw9XW18Zo8381oqjjpLD8OY%2BBpzaeGA4t8zZA8XZrE8X%2B81JxMnBAGg%3D%3D
[debug] [2025-06-01T19:30:10.312Z] >>> [apiv2][body] PUT https://storage.googleapis.com/gcf-v2-uploads-67184412597.us-central1.cloudfunctions.appspot.com/7da81a29-7246-499e-b094-bc1f20b04498.zip [stream]
[debug] [2025-06-01T19:30:10.678Z] <<< [apiv2][status] PUT https://storage.googleapis.com/gcf-v2-uploads-67184412597.us-central1.cloudfunctions.appspot.com/7da81a29-7246-499e-b094-bc1f20b04498.zip 200
[debug] [2025-06-01T19:30:10.678Z] <<< [apiv2][body] PUT https://storage.googleapis.com/gcf-v2-uploads-67184412597.us-central1.cloudfunctions.appspot.com/7da81a29-7246-499e-b094-bc1f20b04498.zip [omitted]
[info] +  functions: functions folder uploaded successfully 
[info] i  functions: creating Node.js 22 (2nd Gen) function sendReservationConfirmationEmail(us-central1)... 
[debug] [2025-06-01T19:30:10.681Z] Checked if tokens are valid: true, expires at: 1748809419630
[debug] [2025-06-01T19:30:10.681Z] Checked if tokens are valid: true, expires at: 1748809419630
[debug] [2025-06-01T19:30:10.681Z] >>> [apiv2][query] POST https://cloudfunctions.googleapis.com/v2/projects/supervitre-3a19e/locations/us-central1/functions functionId=sendReservationConfirmationEmail
[debug] [2025-06-01T19:30:10.681Z] >>> [apiv2][body] POST https://cloudfunctions.googleapis.com/v2/projects/supervitre-3a19e/locations/us-central1/functions {"name":"projects/supervitre-3a19e/locations/us-central1/functions/sendReservationConfirmationEmail","buildConfig":{"runtime":"nodejs22","entryPoint":"sendReservationConfirmationEmail","source":{"storageSource":{"bucket":"gcf-v2-uploads-67184412597.us-central1.cloudfunctions.appspot.com","object":"7da81a29-7246-499e-b094-bc1f20b04498.zip"}},"environmentVariables":{"GOOGLE_NODE_RUN_SCRIPTS":""}},"serviceConfig":{"environmentVariables":{"FIREBASE_CONFIG":"{\"projectId\":\"supervitre-3a19e\",\"storageBucket\":\"supervitre-3a19e.firebasestorage.app\"}","GCLOUD_PROJECT":"supervitre-3a19e","EVENTARC_CLOUD_EVENT_SOURCE":"projects/supervitre-3a19e/locations/us-central1/services/sendReservationConfirmationEmail","FUNCTION_SIGNATURE_TYPE":"cloudevent","FUNCTION_TARGET":"sendReservationConfirmationEmail","LOG_EXECUTION_ID":"true"},"ingressSettings":null,"timeoutSeconds":null,"serviceAccountEmail":null,"availableMemory":"256Mi","minInstanceCount":null,"maxInstanceCount":null,"maxInstanceRequestConcurrency":80,"availableCpu":"1","vpcConnector":null,"vpcConnectorEgressSettings":null},"labels":{"deployment-tool":"cli-firebase","firebase-functions-hash":"d0424ff734d5f9f9b1812b8cb832f31a89977dc1"},"eventTrigger":{"eventType":"google.cloud.firestore.document.v1.written","retryPolicy":"RETRY_POLICY_DO_NOT_RETRY","eventFilters":[{"attribute":"database","value":"(default)"},{"attribute":"namespace","value":"(default)"},{"attribute":"document","value":"reservations/{reservationId}","operator":"match-path-pattern"}],"triggerRegion":"northamerica-northeast1"}}
[debug] [2025-06-01T19:30:13.924Z] <<< [apiv2][status] POST https://cloudfunctions.googleapis.com/v2/projects/supervitre-3a19e/locations/us-central1/functions 403
[debug] [2025-06-01T19:30:13.924Z] <<< [apiv2][body] POST https://cloudfunctions.googleapis.com/v2/projects/supervitre-3a19e/locations/us-central1/functions {"error":{"code":403,"message":"Validation failed for trigger projects/supervitre-3a19e/locations/northamerica-northeast1/triggers/sendreservationconfirmationemail-001382: Permission \"iam.serviceAccounts.ActAs\" denied on \"EndUserCredentials to 67184412597-compute@developer.gserviceaccount.com\"","status":"PERMISSION_DENIED"}}
[warn] !  functions: Request to https://cloudfunctions.googleapis.com/v2/projects/supervitre-3a19e/locations/us-central1/functions?functionId=sendReservationConfirmationEmail had HTTP Error: 403, Validation failed for trigger projects/supervitre-3a19e/locations/northamerica-northeast1/triggers/sendreservationconfirmationemail-001382: Permission "iam.serviceAccounts.ActAs" denied on "EndUserCredentials to 67184412597-compute@developer.gserviceaccount.com" 
[warn] !  functions:  failed to create function projects/supervitre-3a19e/locations/us-central1/functions/sendReservationConfirmationEmail 
[error] Failed to create function projects/supervitre-3a19e/locations/us-central1/functions/sendReservationConfirmationEmail
[debug] [2025-06-01T19:30:13.926Z] Total Function Deployment time: 3246
[debug] [2025-06-01T19:30:13.926Z] 1 Functions Deployed
[debug] [2025-06-01T19:30:13.926Z] 1 Functions Errored
[debug] [2025-06-01T19:30:13.926Z] 0 Function Deployments Aborted
[debug] [2025-06-01T19:30:13.926Z] Average Function Deployment time: 3245
[info] 
[info] Functions deploy had errors with the following functions:
	sendReservationConfirmationEmail(us-central1)
[debug] [2025-06-01T19:30:13.927Z] Checked if tokens are valid: true, expires at: 1748809419630
[debug] [2025-06-01T19:30:13.928Z] Checked if tokens are valid: true, expires at: 1748809419630
[debug] [2025-06-01T19:30:13.928Z] >>> [apiv2][query] GET https://artifactregistry.googleapis.com/v1/projects/supervitre-3a19e/locations/us-central1/repositories/gcf-artifacts [none]
[debug] [2025-06-01T19:30:14.236Z] <<< [apiv2][status] GET https://artifactregistry.googleapis.com/v1/projects/supervitre-3a19e/locations/us-central1/repositories/gcf-artifacts 404
[debug] [2025-06-01T19:30:14.236Z] <<< [apiv2][body] GET https://artifactregistry.googleapis.com/v1/projects/supervitre-3a19e/locations/us-central1/repositories/gcf-artifacts {"error":{"code":404,"message":"Requested entity was not found.","status":"NOT_FOUND"}}
[debug] [2025-06-01T19:30:14.236Z] Failed to check artifact cleanup policy for region us-central1: Request to https://artifactregistry.googleapis.com/v1/projects/supervitre-3a19e/locations/us-central1/repositories/gcf-artifacts had HTTP Error: 404, Requested entity was not found. {"name":"FirebaseError","children":[],"context":{"body":{"error":{"code":404,"message":"Requested entity was not found.","status":"NOT_FOUND"}},"response":{"statusCode":404}},"exit":1,"message":"Request to https://artifactregistry.googleapis.com/v1/projects/supervitre-3a19e/locations/us-central1/repositories/gcf-artifacts had HTTP Error: 404, Requested entity was not found.","status":404}
[debug] [2025-06-01T19:30:14.237Z] Functions deploy failed.
[debug] [2025-06-01T19:30:14.237Z] {
  "endpoint": {
    "id": "sendReservationConfirmationEmail",
    "project": "supervitre-3a19e",
    "region": "us-central1",
    "entryPoint": "sendReservationConfirmationEmail",
    "platform": "gcfv2",
    "runtime": "nodejs22",
    "eventTrigger": {
      "eventType": "google.cloud.firestore.document.v1.written",
      "retry": false,
      "eventFilters": {
        "database": "(default)",
        "namespace": "(default)"
      },
      "eventFilterPathPatterns": {
        "document": "reservations/{reservationId}"
      },
      "region": "northamerica-northeast1"
    },
    "labels": {
      "deployment-tool": "cli-firebase"
    },
    "serviceAccount": null,
    "ingressSettings": null,
    "availableMemoryMb": null,
    "timeoutSeconds": null,
    "maxInstances": null,
    "minInstances": null,
    "concurrency": 80,
    "vpc": null,
    "environmentVariables": {
      "FIREBASE_CONFIG": "{\"projectId\":\"supervitre-3a19e\",\"storageBucket\":\"supervitre-3a19e.firebasestorage.app\"}",
      "GCLOUD_PROJECT": "supervitre-3a19e",
      "EVENTARC_CLOUD_EVENT_SOURCE": "projects/supervitre-3a19e/locations/us-central1/services/sendReservationConfirmationEmail"
    },
    "codebase": "default",
    "cpu": 1,
    "targetedByOnly": false,
    "hash": "d0424ff734d5f9f9b1812b8cb832f31a89977dc1"
  },
  "op": "create",
  "original": {
    "name": "FirebaseError",
    "children": [],
    "context": {
      "function": "projects/supervitre-3a19e/locations/us-central1/functions/sendReservationConfirmationEmail"
    },
    "exit": 1,
    "message": "Failed to create function projects/supervitre-3a19e/locations/us-central1/functions/sendReservationConfirmationEmail",
    "original": {
      "name": "FirebaseError",
      "children": [],
      "context": {
        "body": {
          "error": {
            "code": 403,
            "message": "Validation failed for trigger projects/supervitre-3a19e/locations/northamerica-northeast1/triggers/sendreservationconfirmationemail-001382: Permission \"iam.serviceAccounts.ActAs\" denied on \"EndUserCredentials to 67184412597-compute@developer.gserviceaccount.com\"",
            "status": "PERMISSION_DENIED"
          }
        },
        "response": {
          "statusCode": 403
        }
      },
      "exit": 1,
      "message": "Request to https://cloudfunctions.googleapis.com/v2/projects/supervitre-3a19e/locations/us-central1/functions?functionId=sendReservationConfirmationEmail had HTTP Error: 403, Validation failed for trigger projects/supervitre-3a19e/locations/northamerica-northeast1/triggers/sendreservationconfirmationemail-001382: Permission \"iam.serviceAccounts.ActAs\" denied on \"EndUserCredentials to 67184412597-compute@developer.gserviceaccount.com\"",
      "status": 403
    },
    "status": 403,
    "code": 403
  }
}
[debug] [2025-06-01T19:30:14.238Z] Error: Failed to create function sendReservationConfirmationEmail in region us-central1
    at C:\Users\victo\AppData\Roaming\npm\node_modules\firebase-tools\lib\deploy\functions\release\fabricator.js:294:27
    at process.processTicksAndRejections (node:internal/process/task_queues:95:5)
    at async Fabricator.createV2Function (C:\Users\victo\AppData\Roaming\npm\node_modules\firebase-tools\lib\deploy\functions\release\fabricator.js:278:30)
    at async Fabricator.createEndpoint (C:\Users\victo\AppData\Roaming\npm\node_modules\firebase-tools\lib\deploy\functions\release\fabricator.js:137:13)
    at async handle (C:\Users\victo\AppData\Roaming\npm\node_modules\firebase-tools\lib\deploy\functions\release\fabricator.js:89:17)
[error] 
[error] Error: There was an error deploying functions
